# JRE version: Java(TM) SE Runtime Environment (8.0_191-b12) (build 1.8.0_191-b12)
# Java VM: Java HotSpot(TM) Client VM (25.191-b12 mixed mode windows-x86 )
Heap:
 def new generation   total 157248K, used 157248K [0x04400000, 0x0eea0000, 0x0eea0000)
  eden space 139776K, 100% used [0x04400000, 0x0cc80000, 0x0cc80000)
  from space 17472K, 100% used [0x0dd90000, 0x0eea0000, 0x0eea0000)
  to   space 17472K,   0% used [0x0cc80000, 0x0cc80000, 0x0dd90000)
 tenured generation   total 349568K, used 349568K [0x0eea0000, 0x24400000, 0x24400000)
   the space 349568K, 100% used [0x0eea0000, 0x24400000, 0x24400000, 0x24400000)
 Metaspace       used 25224K, capacity 25754K, committed 25856K, reserved 25984K
GC Heap History (10 events):
Event: 27032.275 GC heap before
{Heap before GC invocations=587 (full 415):
 def new generation   total 157248K, used 157247K [0x04400000, 0x0eea0000, 0x0eea0000)
  eden space 139776K, 100% used [0x04400000, 0x0cc80000, 0x0cc80000)
  from space 17472K,  99% used [0x0dd90000, 0x0ee9fff8, 0x0eea0000)
  to   space 17472K,   0% used [0x0cc80000, 0x0cc80000, 0x0dd90000)
 tenured generation   total 349568K, used 349567K [0x0eea0000, 0x24400000, 0x24400000)
   the space 349568K,  99% used [0x0eea0000, 0x243ffff0, 0x24400000, 0x24400000)
 Metaspace       used 25224K, capacity 25754K, committed 25856K, reserved 25984K
Event: 27033.120 GC heap after
Heap after GC invocations=588 (full 416):
 def new generation   total 157248K, used 157247K [0x04400000, 0x0eea0000, 0x0eea0000)
  eden space 139776K, 100% used [0x04400000, 0x0cc80000, 0x0cc80000)
  from space 17472K,  99% used [0x0dd90000, 0x0ee9fff8, 0x0eea0000)
  to   space 17472K,   0% used [0x0cc80000, 0x0cc80000, 0x0dd90000)
 tenured generation   total 349568K, used 349563K [0x0eea0000, 0x24400000, 0x24400000)
   the space 349568K,  99% used [0x0eea0000, 0x243feda0, 0x243fee00, 0x24400000)
 Metaspace       used 25224K, capacity 25754K, committed 25856K, reserved 25984K
}
Event: 27033.120 GC heap before
{Heap before GC invocations=588 (full 416):
 def new generation   total 157248K, used 157247K [0x04400000, 0x0eea0000, 0x0eea0000)
  eden space 139776K, 100% used [0x04400000, 0x0cc80000, 0x0cc80000)
  from space 17472K,  99% used [0x0dd90000, 0x0ee9fff8, 0x0eea0000)
  to   space 17472K,   0% used [0x0cc80000, 0x0cc80000, 0x0dd90000)
 tenured generation   total 349568K, used 349566K [0x0eea0000, 0x24400000, 0x24400000)
   the space 349568K,  99% used [0x0eea0000, 0x243ffa80, 0x243ffc00, 0x24400000)
 Metaspace       used 25224K, capacity 25754K, committed 25856K, reserved 25984K
Event: 27033.825 GC heap after
Heap after GC invocations=589 (full 417):
 def new generation   total 157248K, used 157247K [0x04400000, 0x0eea0000, 0x0eea0000)
  eden space 139776K, 100% used [0x04400000, 0x0cc80000, 0x0cc80000)
  from space 17472K,  99% used [0x0dd90000, 0x0ee9ff78, 0x0eea0000)
  to   space 17472K,   0% used [0x0cc80000, 0x0cc80000, 0x0dd90000)
 tenured generation   total 349568K, used 349566K [0x0eea0000, 0x24400000, 0x24400000)
   the space 349568K,  99% used [0x0eea0000, 0x243ffa80, 0x243ffc00, 0x24400000)
 Metaspace       used 25224K, capacity 25754K, committed 25856K, reserved 25984K
}
Event: 27033.825 GC heap before
{Heap before GC invocations=589 (full 417):
 def new generation   total 157248K, used 157247K [0x04400000, 0x0eea0000, 0x0eea0000)
  eden space 139776K, 100% used [0x04400000, 0x0cc80000, 0x0cc80000)
  from space 17472K,  99% used [0x0dd90000, 0x0ee9ff78, 0x0eea0000)
  to   space 17472K,   0% used [0x0cc80000, 0x0cc80000, 0x0dd90000)
 tenured generation   total 349568K, used 349566K [0x0eea0000, 0x24400000, 0x24400000)
   the space 349568K,  99% used [0x0eea0000, 0x243ffa80, 0x243ffc00, 0x24400000)
 Metaspace       used 25224K, capacity 25754K, committed 25856K, reserved 25984K
Event: 27034.601 GC heap after
Heap after GC invocations=590 (full 418):
 def new generation   total 157248K, used 157247K [0x04400000, 0x0eea0000, 0x0eea0000)
  eden space 139776K, 100% used [0x04400000, 0x0cc80000, 0x0cc80000)
  from space 17472K,  99% used [0x0dd90000, 0x0ee9ff78, 0x0eea0000)
  to   space 17472K,   0% used [0x0cc80000, 0x0cc80000, 0x0dd90000)
 tenured generation   total 349568K, used 349512K [0x0eea0000, 0x24400000, 0x24400000)
   the space 349568K,  99% used [0x0eea0000, 0x243f2170, 0x243f2200, 0x24400000)
 Metaspace       used 25224K, capacity 25754K, committed 25856K, reserved 25984K
}
Event: 27034.601 GC heap before
{Heap before GC invocations=590 (full 418):
 def new generation   total 157248K, used 157248K [0x04400000, 0x0eea0000, 0x0eea0000)
  eden space 139776K, 100% used [0x04400000, 0x0cc80000, 0x0cc80000)
  from space 17472K, 100% used [0x0dd90000, 0x0eea0000, 0x0eea0000)
  to   space 17472K,   0% used [0x0cc80000, 0x0cc80000, 0x0dd90000)
 tenured generation   total 349568K, used 349519K [0x0eea0000, 0x24400000, 0x24400000)
   the space 349568K,  99% used [0x0eea0000, 0x243f3c98, 0x243f3e00, 0x24400000)
 Metaspace       used 25224K, capacity 25754K, committed 25856K, reserved 25984K
Event: 27035.699 GC heap after
Heap after GC invocations=591 (full 419):
 def new generation   total 157248K, used 157248K [0x04400000, 0x0eea0000, 0x0eea0000)
  eden space 139776K, 100% used [0x04400000, 0x0cc80000, 0x0cc80000)
  from space 17472K, 100% used [0x0dd90000, 0x0eea0000, 0x0eea0000)
  to   space 17472K,   0% used [0x0cc80000, 0x0cc80000, 0x0dd90000)
 tenured generation   total 349568K, used 349519K [0x0eea0000, 0x24400000, 0x24400000)
   the space 349568K,  99% used [0x0eea0000, 0x243f3c98, 0x243f3e00, 0x24400000)
 Metaspace       used 25224K, capacity 25754K, committed 25856K, reserved 25984K
}
Event: 27035.699 GC heap before
{Heap before GC invocations=591 (full 419):
 def new generation   total 157248K, used 157248K [0x04400000, 0x0eea0000, 0x0eea0000)
  eden space 139776K, 100% used [0x04400000, 0x0cc80000, 0x0cc80000)
  from space 17472K, 100% used [0x0dd90000, 0x0eea0000, 0x0eea0000)
  to   space 17472K,   0% used [0x0cc80000, 0x0cc80000, 0x0dd90000)
 tenured generation   total 349568K, used 349519K [0x0eea0000, 0x24400000, 0x24400000)
   the space 349568K,  99% used [0x0eea0000, 0x243f3c98, 0x243f3e00, 0x24400000)
 Metaspace       used 25224K, capacity 25754K, committed 25856K, reserved 25984K
Event: 27036.496 GC heap after
Heap after GC invocations=592 (full 420):
 def new generation   total 157248K, used 157248K [0x04400000, 0x0eea0000, 0x0eea0000)
  eden space 139776K, 100% used [0x04400000, 0x0cc80000, 0x0cc80000)
  from space 17472K, 100% used [0x0dd90000, 0x0eea0000, 0x0eea0000)
  to   space 17472K,   0% used [0x0cc80000, 0x0cc80000, 0x0dd90000)
 tenured generation   total 349568K, used 349518K [0x0eea0000, 0x24400000, 0x24400000)
   the space 349568K,  99% used [0x0eea0000, 0x243f39d8, 0x243f3a00, 0x24400000)
 Metaspace       used 25224K, capacity 25754K, committed 25856K, reserved 25984K
}

